<?xml version="1.0" encoding="utf-8"?><testsuites name="pytest tests"><testsuite name="pytest" errors="0" failures="0" skipped="0" tests="15" time="0.799" timestamp="2026-08-20T14:39:53.510315+08:00" hostname="LAPTOP-N9C8NRJD"><testcase classname="tests.test_asr_memory" name="test_asr_status" time="0.616" /><testcase classname="tests.test_asr_memory" name="test_memory_query_empty" time="0.009" /><testcase classname="tests.test_asr_memory" name="test_memory_query_with_results" time="0.007" /><testcase classname="tests.test_asr_memory" name="test_memory_query_missing_params" time="0.006" /><testcase classname="tests.test_chat" name="test_chat_normal" time="0.014" /><testcase classname="tests.test_chat" name="test_chat_empty_text" time="0.026" /><testcase classname="tests.test_chat" name="test_chat_missing_field" time="0.007" /><testcase classname="tests.test_chat" name="test_chat_llm_failure" time="0.008" /><testcase classname="tests.test_health" name="test_health" time="0.006" /><testcase classname="tests.test_health" name="test_health_no_body" time="0.006" /><testcase classname="tests.test_tts" name="test_tts_normal" time="0.007" /><testcase classname="tests.test_tts" name="test_tts_empty_text" time="0.007" /><testcase classname="tests.test_tts" name="test_tts_fallback_offline" time="0.008" /><testcase classname="tests.test_tts" name="test_tts_all_fail" time="0.009" /><testcase classname="tests.test_tts" name="test_tts_custom_voice" time="0.041" /></testsuite></testsuites>